<?xml version="1.0" encoding="UTF-8"?>
<!-- Generated by org.testng.reporters.JUnitReportReporter -->
<testsuite hostname="DESKTOP-J59IHGA" failures="0" tests="1" name="variousConcepts.LearnTestNG" time="13.139" errors="0" timestamp="2023-07-08T01:46:36 EDT" skipped="0">
  <testcase classname="variousConcepts.LearnTestNG" name="addCustomer" time="13.139"/>
</testsuite> <!-- variousConcepts.LearnTestNG -->
